<?xml version="1.0" encoding="UTF-8"?>
<!-- Generated by org.testng.reporters.JUnitXMLReporter -->
<testsuite hostname="DESKTOP-UU92JPR" ignored="0" name="Default test" tests="3" failures="0" timestamp="2022-04-29T15:07:21 IST" time="0.171" errors="0">
  <testcase name="signIn" time="0.024" classname="Day_11Parameter_Ex.Example_Param5"/>
  <testcase name="login" time="0.003" classname="Day_11Parameter_Ex.Example_Param5"/>
  <testcase name="checkNotification" time="0.003" classname="Day_11Parameter_Ex.Example_Param5"/>
</testsuite> <!-- Default test -->
